<?xml version="1.0" encoding="UTF-8"?>
<!-- Generated by org.testng.reporters.JUnitReportReporter -->
<testsuite skipped="3" hostname="nanmathi-HP" name="com.nanda.java.data.structures.implementatons.MyStackTest" tests="4" failures="0" timestamp="13 May 2017 01:03:12 GMT" time="0.012" errors="0">
  <testcase name="testStackOverFlow" time="0.012" classname="com.nanda.java.data.structures.implementatons.MyStackTest"/>
  <testcase name="testTop" classname="com.nanda.java.data.structures.implementatons.MyStackTest">
    <skipped/>
  </testcase> <!-- testTop -->
  <testcase name="testPush" classname="com.nanda.java.data.structures.implementatons.MyStackTest">
    <skipped/>
  </testcase> <!-- testPush -->
  <testcase name="testPop" classname="com.nanda.java.data.structures.implementatons.MyStackTest">
    <skipped/>
  </testcase> <!-- testPop -->
</testsuite> <!-- com.nanda.java.data.structures.implementatons.MyStackTest -->
