<?xml version="1.0" encoding="UTF-8"?>
<!-- Generated by org.testng.reporters.JUnitReportReporter -->
<testsuite skipped="0" hostname="nanmathi-HP" name="com.nanda.java.data.structures.implementatons.MyLinkedListTest" tests="4" failures="0" timestamp="15 May 2017 03:28:15 GMT" time="182.803" errors="0">
  <testcase name="testEmpty" time="0.000" classname="com.nanda.java.data.structures.implementatons.MyLinkedListTest"/>
  <testcase name="testSize" time="0.000" classname="com.nanda.java.data.structures.implementatons.MyLinkedListTest"/>
  <testcase name="addTest" time="0.046" classname="com.nanda.java.data.structures.implementatons.MyLinkedListTest"/>
  <testcase name="printTest" time="182.757" classname="com.nanda.java.data.structures.implementatons.MyLinkedListTest"/>
</testsuite> <!-- com.nanda.java.data.structures.implementatons.MyLinkedListTest -->
