<?xml version="1.0" encoding="UTF-8"?>
<!-- Generated by org.testng.reporters.JUnitReportReporter -->
<testsuite skipped="0" hostname="nanmathi-HP" name="com.nanda.java.data.structures.implementatons.MyQueueTest" tests="3" failures="0" timestamp="13 May 2017 01:42:24 GMT" time="0.045" errors="0">
  <testcase name="testEnqueue" time="0.011" classname="com.nanda.java.data.structures.implementatons.MyQueueTest"/>
  <testcase name="testFront" time="0.030" classname="com.nanda.java.data.structures.implementatons.MyQueueTest"/>
  <testcase name="testDequeue" time="0.004" classname="com.nanda.java.data.structures.implementatons.MyQueueTest"/>
</testsuite> <!-- com.nanda.java.data.structures.implementatons.MyQueueTest -->
