<?xml version="1.0" encoding="UTF-8"?>
<!-- Generated by org.testng.reporters.JUnitReportReporter -->
<testsuite skipped="0" hostname="nanmathi-HP" name="com.nanda.java.data.structures.implementatons.TreeTest" tests="3" failures="0" timestamp="17 May 2017 03:13:48 GMT" time="0.038" errors="0">
  <testcase name="testEmptyTree" time="0.003" classname="com.nanda.java.data.structures.implementatons.TreeTest"/>
  <testcase name="testLevelOrderTraversal" time="0.004" classname="com.nanda.java.data.structures.implementatons.TreeTest"/>
  <testcase name="testCreatingNode" time="0.031" classname="com.nanda.java.data.structures.implementatons.TreeTest"/>
</testsuite> <!-- com.nanda.java.data.structures.implementatons.TreeTest -->
