<?xml version="1.0" encoding="UTF-8"?>
<!-- Generated by org.testng.reporters.JUnitReportReporter -->
<testsuite skipped="0" hostname="nanmathi-HP" name="com.nanda.java.data.structures.implementatons.MyListTest" tests="1" failures="0" timestamp="14 May 2017 01:58:47 GMT" time="91.620" errors="0">
  <testcase name="testInsert" time="91.620" classname="com.nanda.java.data.structures.implementatons.MyListTest"/>
</testsuite> <!-- com.nanda.java.data.structures.implementatons.MyListTest -->
